<?xml version="1.0" encoding="UTF-8"?>
<testsuite name="its.service.UserServiceImplTest" tests="9" skipped="0" failures="9" errors="0" timestamp="2026-05-22T12:45:30" hostname="MyMacui-MacBookAir.local" time="0.048">
  <properties/>
  <testcase name="register_성공()" classname="its.service.UserServiceImplTest" time="0.028">
    <failure message="org.mockito.exceptions.misusing.UnnecessaryStubbingException: &#10;Unnecessary stubbings detected.&#10;Clean &amp; maintainable test code requires zero unnecessary code.&#10;Following stubbings are unnecessary (click to navigate to relevant line of code):&#10;  1. -&gt; at its.service.UserServiceImplTest.setUp(UserServiceImplTest.java:34)&#10;Please remove unnecessary stubbings or use 'lenient' strictness. More info: javadoc for UnnecessaryStubbingException class." type="org.mockito.exceptions.misusing.UnnecessaryStubbingException">org.mockito.exceptions.misusing.UnnecessaryStubbingException: 
Unnecessary stubbings detected.
Clean &amp; maintainable test code requires zero unnecessary code.
Following stubbings are unnecessary (click to navigate to relevant line of code):
  1. -&gt; at its.service.UserServiceImplTest.setUp(UserServiceImplTest.java:34)
Please remove unnecessary stubbings or use 'lenient' strictness. More info: javadoc for UnnecessaryStubbingException class.
	at app//org.mockito.junit.jupiter.MockitoExtension.afterEach(MockitoExtension.java:197)
	at java.base@17.0.17/java.util.ArrayList.forEach(ArrayList.java:1511)
	at java.base@17.0.17/java.util.ArrayList.forEach(ArrayList.java:1511)
</failure>
  </testcase>
  <testcase name="register_중복_username이면_예외()" classname="its.service.UserServiceImplTest" time="0.003">
    <failure message="org.mockito.exceptions.misusing.UnnecessaryStubbingException: &#10;Unnecessary stubbings detected.&#10;Clean &amp; maintainable test code requires zero unnecessary code.&#10;Following stubbings are unnecessary (click to navigate to relevant line of code):&#10;  1. -&gt; at its.service.UserServiceImplTest.setUp(UserServiceImplTest.java:34)&#10;Please remove unnecessary stubbings or use 'lenient' strictness. More info: javadoc for UnnecessaryStubbingException class." type="org.mockito.exceptions.misusing.UnnecessaryStubbingException">org.mockito.exceptions.misusing.UnnecessaryStubbingException: 
Unnecessary stubbings detected.
Clean &amp; maintainable test code requires zero unnecessary code.
Following stubbings are unnecessary (click to navigate to relevant line of code):
  1. -&gt; at its.service.UserServiceImplTest.setUp(UserServiceImplTest.java:34)
Please remove unnecessary stubbings or use 'lenient' strictness. More info: javadoc for UnnecessaryStubbingException class.
	at app//org.mockito.junit.jupiter.MockitoExtension.afterEach(MockitoExtension.java:197)
	at java.base@17.0.17/java.util.ArrayList.forEach(ArrayList.java:1511)
	at java.base@17.0.17/java.util.ArrayList.forEach(ArrayList.java:1511)
</failure>
  </testcase>
  <testcase name="register_ADMIN_아니면_예외()" classname="its.service.UserServiceImplTest" time="0.004">
    <failure message="org.mockito.exceptions.misusing.UnnecessaryStubbingException: &#10;Unnecessary stubbings detected.&#10;Clean &amp; maintainable test code requires zero unnecessary code.&#10;Following stubbings are unnecessary (click to navigate to relevant line of code):&#10;  1. -&gt; at its.service.UserServiceImplTest.setUp(UserServiceImplTest.java:33)&#10;  2. -&gt; at its.service.UserServiceImplTest.setUp(UserServiceImplTest.java:34)&#10;Please remove unnecessary stubbings or use 'lenient' strictness. More info: javadoc for UnnecessaryStubbingException class." type="org.mockito.exceptions.misusing.UnnecessaryStubbingException">org.mockito.exceptions.misusing.UnnecessaryStubbingException: 
Unnecessary stubbings detected.
Clean &amp; maintainable test code requires zero unnecessary code.
Following stubbings are unnecessary (click to navigate to relevant line of code):
  1. -&gt; at its.service.UserServiceImplTest.setUp(UserServiceImplTest.java:33)
  2. -&gt; at its.service.UserServiceImplTest.setUp(UserServiceImplTest.java:34)
Please remove unnecessary stubbings or use 'lenient' strictness. More info: javadoc for UnnecessaryStubbingException class.
	at app//org.mockito.junit.jupiter.MockitoExtension.afterEach(MockitoExtension.java:197)
	at java.base@17.0.17/java.util.ArrayList.forEach(ArrayList.java:1511)
	at java.base@17.0.17/java.util.ArrayList.forEach(ArrayList.java:1511)
</failure>
  </testcase>
  <testcase name="login_없는유저이면_예외()" classname="its.service.UserServiceImplTest" time="0.002">
    <failure message="org.mockito.exceptions.misusing.UnnecessaryStubbingException: &#10;Unnecessary stubbings detected.&#10;Clean &amp; maintainable test code requires zero unnecessary code.&#10;Following stubbings are unnecessary (click to navigate to relevant line of code):&#10;  1. -&gt; at its.service.UserServiceImplTest.setUp(UserServiceImplTest.java:33)&#10;  2. -&gt; at its.service.UserServiceImplTest.setUp(UserServiceImplTest.java:34)&#10;Please remove unnecessary stubbings or use 'lenient' strictness. More info: javadoc for UnnecessaryStubbingException class." type="org.mockito.exceptions.misusing.UnnecessaryStubbingException">org.mockito.exceptions.misusing.UnnecessaryStubbingException: 
Unnecessary stubbings detected.
Clean &amp; maintainable test code requires zero unnecessary code.
Following stubbings are unnecessary (click to navigate to relevant line of code):
  1. -&gt; at its.service.UserServiceImplTest.setUp(UserServiceImplTest.java:33)
  2. -&gt; at its.service.UserServiceImplTest.setUp(UserServiceImplTest.java:34)
Please remove unnecessary stubbings or use 'lenient' strictness. More info: javadoc for UnnecessaryStubbingException class.
	at app//org.mockito.junit.jupiter.MockitoExtension.afterEach(MockitoExtension.java:197)
	at java.base@17.0.17/java.util.ArrayList.forEach(ArrayList.java:1511)
	at java.base@17.0.17/java.util.ArrayList.forEach(ArrayList.java:1511)
</failure>
  </testcase>
  <testcase name="login_틀린비밀번호이면_예외()" classname="its.service.UserServiceImplTest" time="0.002">
    <failure message="org.mockito.exceptions.misusing.UnnecessaryStubbingException: &#10;Unnecessary stubbings detected.&#10;Clean &amp; maintainable test code requires zero unnecessary code.&#10;Following stubbings are unnecessary (click to navigate to relevant line of code):&#10;  1. -&gt; at its.service.UserServiceImplTest.setUp(UserServiceImplTest.java:33)&#10;  2. -&gt; at its.service.UserServiceImplTest.setUp(UserServiceImplTest.java:34)&#10;Please remove unnecessary stubbings or use 'lenient' strictness. More info: javadoc for UnnecessaryStubbingException class." type="org.mockito.exceptions.misusing.UnnecessaryStubbingException">org.mockito.exceptions.misusing.UnnecessaryStubbingException: 
Unnecessary stubbings detected.
Clean &amp; maintainable test code requires zero unnecessary code.
Following stubbings are unnecessary (click to navigate to relevant line of code):
  1. -&gt; at its.service.UserServiceImplTest.setUp(UserServiceImplTest.java:33)
  2. -&gt; at its.service.UserServiceImplTest.setUp(UserServiceImplTest.java:34)
Please remove unnecessary stubbings or use 'lenient' strictness. More info: javadoc for UnnecessaryStubbingException class.
	at app//org.mockito.junit.jupiter.MockitoExtension.afterEach(MockitoExtension.java:197)
	at java.base@17.0.17/java.util.ArrayList.forEach(ArrayList.java:1511)
	at java.base@17.0.17/java.util.ArrayList.forEach(ArrayList.java:1511)
</failure>
  </testcase>
  <testcase name="delete_성공()" classname="its.service.UserServiceImplTest" time="0.001">
    <failure message="org.mockito.exceptions.misusing.UnnecessaryStubbingException: &#10;Unnecessary stubbings detected.&#10;Clean &amp; maintainable test code requires zero unnecessary code.&#10;Following stubbings are unnecessary (click to navigate to relevant line of code):&#10;  1. -&gt; at its.service.UserServiceImplTest.setUp(UserServiceImplTest.java:34)&#10;Please remove unnecessary stubbings or use 'lenient' strictness. More info: javadoc for UnnecessaryStubbingException class." type="org.mockito.exceptions.misusing.UnnecessaryStubbingException">org.mockito.exceptions.misusing.UnnecessaryStubbingException: 
Unnecessary stubbings detected.
Clean &amp; maintainable test code requires zero unnecessary code.
Following stubbings are unnecessary (click to navigate to relevant line of code):
  1. -&gt; at its.service.UserServiceImplTest.setUp(UserServiceImplTest.java:34)
Please remove unnecessary stubbings or use 'lenient' strictness. More info: javadoc for UnnecessaryStubbingException class.
	at app//org.mockito.junit.jupiter.MockitoExtension.afterEach(MockitoExtension.java:197)
	at java.base@17.0.17/java.util.ArrayList.forEach(ArrayList.java:1511)
	at java.base@17.0.17/java.util.ArrayList.forEach(ArrayList.java:1511)
</failure>
  </testcase>
  <testcase name="delete_없는대상이면_예외()" classname="its.service.UserServiceImplTest" time="0.001">
    <failure message="org.mockito.exceptions.misusing.UnnecessaryStubbingException: &#10;Unnecessary stubbings detected.&#10;Clean &amp; maintainable test code requires zero unnecessary code.&#10;Following stubbings are unnecessary (click to navigate to relevant line of code):&#10;  1. -&gt; at its.service.UserServiceImplTest.setUp(UserServiceImplTest.java:34)&#10;Please remove unnecessary stubbings or use 'lenient' strictness. More info: javadoc for UnnecessaryStubbingException class." type="org.mockito.exceptions.misusing.UnnecessaryStubbingException">org.mockito.exceptions.misusing.UnnecessaryStubbingException: 
Unnecessary stubbings detected.
Clean &amp; maintainable test code requires zero unnecessary code.
Following stubbings are unnecessary (click to navigate to relevant line of code):
  1. -&gt; at its.service.UserServiceImplTest.setUp(UserServiceImplTest.java:34)
Please remove unnecessary stubbings or use 'lenient' strictness. More info: javadoc for UnnecessaryStubbingException class.
	at app//org.mockito.junit.jupiter.MockitoExtension.afterEach(MockitoExtension.java:197)
	at java.base@17.0.17/java.util.ArrayList.forEach(ArrayList.java:1511)
	at java.base@17.0.17/java.util.ArrayList.forEach(ArrayList.java:1511)
</failure>
  </testcase>
  <testcase name="delete_비ADMIN이면_예외()" classname="its.service.UserServiceImplTest" time="0.002">
    <failure message="org.mockito.exceptions.misusing.UnnecessaryStubbingException: &#10;Unnecessary stubbings detected.&#10;Clean &amp; maintainable test code requires zero unnecessary code.&#10;Following stubbings are unnecessary (click to navigate to relevant line of code):&#10;  1. -&gt; at its.service.UserServiceImplTest.setUp(UserServiceImplTest.java:33)&#10;  2. -&gt; at its.service.UserServiceImplTest.setUp(UserServiceImplTest.java:34)&#10;Please remove unnecessary stubbings or use 'lenient' strictness. More info: javadoc for UnnecessaryStubbingException class." type="org.mockito.exceptions.misusing.UnnecessaryStubbingException">org.mockito.exceptions.misusing.UnnecessaryStubbingException: 
Unnecessary stubbings detected.
Clean &amp; maintainable test code requires zero unnecessary code.
Following stubbings are unnecessary (click to navigate to relevant line of code):
  1. -&gt; at its.service.UserServiceImplTest.setUp(UserServiceImplTest.java:33)
  2. -&gt; at its.service.UserServiceImplTest.setUp(UserServiceImplTest.java:34)
Please remove unnecessary stubbings or use 'lenient' strictness. More info: javadoc for UnnecessaryStubbingException class.
	at app//org.mockito.junit.jupiter.MockitoExtension.afterEach(MockitoExtension.java:197)
	at java.base@17.0.17/java.util.ArrayList.forEach(ArrayList.java:1511)
	at java.base@17.0.17/java.util.ArrayList.forEach(ArrayList.java:1511)
</failure>
  </testcase>
  <testcase name="login_성공()" classname="its.service.UserServiceImplTest" time="0.002">
    <failure message="org.mockito.exceptions.misusing.UnnecessaryStubbingException: &#10;Unnecessary stubbings detected.&#10;Clean &amp; maintainable test code requires zero unnecessary code.&#10;Following stubbings are unnecessary (click to navigate to relevant line of code):&#10;  1. -&gt; at its.service.UserServiceImplTest.setUp(UserServiceImplTest.java:33)&#10;  2. -&gt; at its.service.UserServiceImplTest.setUp(UserServiceImplTest.java:34)&#10;Please remove unnecessary stubbings or use 'lenient' strictness. More info: javadoc for UnnecessaryStubbingException class." type="org.mockito.exceptions.misusing.UnnecessaryStubbingException">org.mockito.exceptions.misusing.UnnecessaryStubbingException: 
Unnecessary stubbings detected.
Clean &amp; maintainable test code requires zero unnecessary code.
Following stubbings are unnecessary (click to navigate to relevant line of code):
  1. -&gt; at its.service.UserServiceImplTest.setUp(UserServiceImplTest.java:33)
  2. -&gt; at its.service.UserServiceImplTest.setUp(UserServiceImplTest.java:34)
Please remove unnecessary stubbings or use 'lenient' strictness. More info: javadoc for UnnecessaryStubbingException class.
	at app//org.mockito.junit.jupiter.MockitoExtension.afterEach(MockitoExtension.java:197)
	at java.base@17.0.17/java.util.ArrayList.forEach(ArrayList.java:1511)
	at java.base@17.0.17/java.util.ArrayList.forEach(ArrayList.java:1511)
</failure>
  </testcase>
  <system-out><![CDATA[]]></system-out>
  <system-err><![CDATA[]]></system-err>
</testsuite>
