<?xml version="1.0" encoding="UTF-8"?>
<testsuite name="service.UserServiceImplTest" tests="9" skipped="0" failures="0" errors="0" timestamp="2026-05-26T07:32:45" hostname="MyMacui-MacBookAir.local" time="0.455">
  <properties/>
  <testcase name="register_성공()" classname="service.UserServiceImplTest" time="0.437"/>
  <testcase name="register_중복_username이면_예외()" classname="service.UserServiceImplTest" time="0.003"/>
  <testcase name="register_ADMIN_아니면_예외()" classname="service.UserServiceImplTest" time="0.004"/>
  <testcase name="login_없는유저이면_예외()" classname="service.UserServiceImplTest" time="0.002"/>
  <testcase name="login_틀린비밀번호이면_예외()" classname="service.UserServiceImplTest" time="0.001"/>
  <testcase name="delete_성공()" classname="service.UserServiceImplTest" time="0.001"/>
  <testcase name="delete_없는대상이면_예외()" classname="service.UserServiceImplTest" time="0.001"/>
  <testcase name="delete_비ADMIN이면_예외()" classname="service.UserServiceImplTest" time="0.001"/>
  <testcase name="login_성공()" classname="service.UserServiceImplTest" time="0.001"/>
  <system-out><![CDATA[]]></system-out>
  <system-err><![CDATA[]]></system-err>
</testsuite>
