<?xml version="1.0" encoding="UTF-8"?>
<testsuite name="its.service.TFRecommendServiceTest" tests="3" skipped="0" failures="0" errors="0" timestamp="2026-05-22T12:45:29" hostname="MyMacui-MacBookAir.local" time="0.429">
  <properties/>
  <testcase name="cal_NEW상태만존재한다면_종료()" classname="its.service.TFRecommendServiceTest" time="0.426"/>
  <testcase name="cal_이슈가존재하지않으면_종료()" classname="its.service.TFRecommendServiceTest" time="0.001"/>
  <testcase name="cal_fixer없는이슈만있다면_종료()" classname="its.service.TFRecommendServiceTest" time="0.001"/>
  <system-out><![CDATA[]]></system-out>
  <system-err><![CDATA[]]></system-err>
</testsuite>
